----------------------------------------------------------------------------------------------------------------------------------------
      name:  <unnamed>
       log:  /Users/aler/Library/CloudStorage/GoogleDrive-alexriveraorti@gmail.com/Mi unidad/Proyectos/Tesis/Tesis /logs/cleaning.log
  log type:  text
 opened on:  24 Nov 2022, 20:45:53

. 
. *Importamos base de datos, renombramos y creamos tratamiento 
. {
. import excel "$raw/NuÌmero encuensta", sheet("Sheet0 (2)") first clear 
(226 vars, 555 obs)
. 
. gen n=_n 
. 
. drop if n==1 
(1 observation deleted)
. 
. 
. 
. foreach var of varlist QID1 Q172 Q1 Q2 Q3 Q4 Q5 Q6 Q7 Q8 Q9 Q10 Q11 Q13 Q14 Q_12_1 Q_12_2_1 Q_12_2_2 Q_12_3_1 Q_12_3_2 Q_12_3_3 Q_12_4
> _1 Q_12_4_2 Q_12_4_3 Q_12_4_4 Q_12_5_1 Q_12_5_2 Q_12_5_3 Q_12_5_4 Q_12_5_5 Q_12_5_6 Q_12_5_7 Q_12_5_8 Q_12_5_9 Q_15_1 Q_15_2_1 Q_15_2_
> 2 Q_15_3_1 Q_15_3_2 Q_15_3_3 Q_15_4_1 Q_15_4_2 Q_15_4_3 Q_15_4_4 Q_15_5_1 Q_15_5_2 Q_15_5_3 Q_15_5_4 Q_15_5_5 Q_15_5_6 Q_15_5_7 Q_15_5
> _8 Q_15_5_9 Q16 Q17 Q18 Q19 Q20 Q21 Q22 Q23 Q24 Q25 Q26 Q27_1 Q27_2 Q28_a Q28_b Q28_c Q28_d Q28_e Q28_f Q29 Q30_a Q30_b Q30_c Q30_d Q3
> 0_e Q30_f Q30_g Q30_h Q31_a Q31_b Q31_c Q31_d Q32 QC33 QC34 QC35 QC36 QC37 QC38 QC39 QC40 QC41 QC42 QC43 QC44_1_5 QC44_1_4 QC44_1_3 QC
> 44_1_2 QC44_1_1 QC44_2_5 QC44_2_4 QC44_2_3 QC44_2_2 QC44_2_1 QC44_3_5 QC44_3_4 QC44_3_3 QC44_3_2 QC44_3_1 QC44_4_5 QC44_4_4 QC44_4_3 Q
> C44_4_2 QC44_4_1 QC44_5_5 QC44_5_4 QC44_5_3 QC44_5_2 QC44_5_1 QC44_6_5 QC44_6_4 QC44_6_3 QC44_6_2 QC44_6_1 QC44_7_5 QC44_7_4 QC44_7_3 
> QC44_7_2 QC44_7_1 QC44_8_5 QC44_8_4 QC44_8_3 QC44_8_2 QC44_8_1 QC44_9_5 QC44_9_4 QC44_9_3 QC44_9_2 QC44_9_1 QC45 QC46 QC47 QC48 QT QC3
> 3_copy QC34_copy QC35_copy QC36_copy QC37_copy QC38_copy QC39_copy QC40_copy QC41_copy QC42_copy QC43_copy QC43_t_copy QC44_1_5_copy Q
> C44_1_4_copy QC44_1_3_copy QC44_1_2_copy QC44_1_1_copy QC44_2_5_copy QC44_2_4_copy QC44_2_3_copy QC44_2_2_copy QC44_2_1_copy QC44_3_5_
> copy QC44_3_4_copy QC44_3_3_copy QC44_3_2_copy QC44_3_1_copy QC44_4_5_copy QC44_4_4_copy QC44_4_3_copy QC44_4_2_copy QC44_4_1_copy QC4
> 4_5_5_copy QC44_5_4_copy QC44_5_3_copy QC44_5_2_copy QC44_5_1_copy QC44_6_5_copy QC44_6_4_copy QC44_6_3_copy QC44_6_2_copy QC44_6_1_co
> py QC44_7_5_copy QC44_7_4_copy QC44_7_3_copy QC44_7_2_copy QC44_7_1_copy QC44_8_5_copy QC44_8_4_copy QC44_8_3_copy QC44_8_2_copy QC44_
> 8_1_copy QC44_9_5_copy QC44_9_4_copy QC44_9_3_copy QC44_9_2_copy QC44_9_1_copy QC45_copy QC46_copy QC47_copy QC48_copy {
  2.     
.         destring `var', replace 
  3. }
QID1: all characters numeric; replaced as byte
(10 missing values generated)
Q172: all characters numeric; replaced as byte
(537 missing values generated)
Q1: all characters numeric; replaced as byte
(72 missing values generated)
Q2: all characters numeric; replaced as byte
(83 missing values generated)
Q3: contains nonnumeric characters; no replace
Q4: all characters numeric; replaced as byte
(59 missing values generated)
Q5: all characters numeric; replaced as byte
(55 missing values generated)
Q6: all characters numeric; replaced as byte
(61 missing values generated)
Q7: all characters numeric; replaced as byte
(375 missing values generated)
Q8: all characters numeric; replaced as byte
(62 missing values generated)
Q9: all characters numeric; replaced as byte
(61 missing values generated)
Q10: all characters numeric; replaced as byte
(63 missing values generated)
Q11: all characters numeric; replaced as byte
(343 missing values generated)
Q13: all characters numeric; replaced as byte
(65 missing values generated)
Q14: all characters numeric; replaced as byte
(284 missing values generated)
Q_12_1: all characters numeric; replaced as byte
(416 missing values generated)
Q_12_2_1: all characters numeric; replaced as byte
(502 missing values generated)
Q_12_2_2: all characters numeric; replaced as byte
(508 missing values generated)
Q_12_3_1: all characters numeric; replaced as byte
(541 missing values generated)
Q_12_3_2: all characters numeric; replaced as byte
(541 missing values generated)
Q_12_3_3: all characters numeric; replaced as byte
(542 missing values generated)
Q_12_4_1: all characters numeric; replaced as byte
(549 missing values generated)
Q_12_4_2: all characters numeric; replaced as byte
(549 missing values generated)
Q_12_4_3: all characters numeric; replaced as byte
(549 missing values generated)
Q_12_4_4: all characters numeric; replaced as byte
(549 missing values generated)
Q_12_5_1: all characters numeric; replaced as byte
(553 missing values generated)
Q_12_5_2: all characters numeric; replaced as byte
(553 missing values generated)
Q_12_5_3: all characters numeric; replaced as byte
(553 missing values generated)
Q_12_5_4: all characters numeric; replaced as byte
(553 missing values generated)
Q_12_5_5: all characters numeric; replaced as byte
(553 missing values generated)
Q_12_5_6: all characters numeric; replaced as byte
(553 missing values generated)
Q_12_5_7: all characters numeric; replaced as byte
(553 missing values generated)
Q_12_5_8: all characters numeric; replaced as byte
(553 missing values generated)
Q_12_5_9: all characters numeric; replaced as byte
(553 missing values generated)
Q_15_1: all characters numeric; replaced as byte
(359 missing values generated)
Q_15_2_1: all characters numeric; replaced as byte
(496 missing values generated)
Q_15_2_2: all characters numeric; replaced as byte
(492 missing values generated)
Q_15_3_1: all characters numeric; replaced as byte
(545 missing values generated)
Q_15_3_2: all characters numeric; replaced as byte
(545 missing values generated)
Q_15_3_3: all characters numeric; replaced as byte
(545 missing values generated)
Q_15_4_1: all characters numeric; replaced as byte
(553 missing values generated)
Q_15_4_2: all characters numeric; replaced as byte
(553 missing values generated)
Q_15_4_3: all characters numeric; replaced as byte
(553 missing values generated)
Q_15_4_4: all characters numeric; replaced as byte
(553 missing values generated)
Q_15_5_1: all characters numeric; replaced as byte
(554 missing values generated)
Q_15_5_2: all characters numeric; replaced as byte
(554 missing values generated)
Q_15_5_3: all characters numeric; replaced as byte
(554 missing values generated)
Q_15_5_4: all characters numeric; replaced as byte
(554 missing values generated)
Q_15_5_5: all characters numeric; replaced as byte
(554 missing values generated)
Q_15_5_6: all characters numeric; replaced as byte
(554 missing values generated)
Q_15_5_7: all characters numeric; replaced as byte
(554 missing values generated)
Q_15_5_8: all characters numeric; replaced as byte
(554 missing values generated)
Q_15_5_9: all characters numeric; replaced as byte
(554 missing values generated)
Q16: all characters numeric; replaced as byte
(85 missing values generated)
Q17: all characters numeric; replaced as byte
(87 missing values generated)
Q18: all characters numeric; replaced as byte
(80 missing values generated)
Q19: all characters numeric; replaced as byte
(198 missing values generated)
Q20: all characters numeric; replaced as byte
(443 missing values generated)
Q21: all characters numeric; replaced as int
(105 missing values generated)
Q22: all characters numeric; replaced as byte
(105 missing values generated)
Q23: all characters numeric; replaced as long
(123 missing values generated)
Q24: all characters numeric; replaced as byte
(122 missing values generated)
Q25: all characters numeric; replaced as byte
(139 missing values generated)
Q26: all characters numeric; replaced as byte
(139 missing values generated)
Q27_1: all characters numeric; replaced as byte
(150 missing values generated)
Q27_2: all characters numeric; replaced as byte
(150 missing values generated)
Q28_a: all characters numeric; replaced as byte
(158 missing values generated)
Q28_b: all characters numeric; replaced as byte
(158 missing values generated)
Q28_c: all characters numeric; replaced as byte
(158 missing values generated)
Q28_d: all characters numeric; replaced as byte
(159 missing values generated)
Q28_e: all characters numeric; replaced as byte
(159 missing values generated)
Q28_f: all characters numeric; replaced as byte
(160 missing values generated)
Q29: all characters numeric; replaced as byte
(160 missing values generated)
Q30_a: all characters numeric; replaced as byte
(179 missing values generated)
Q30_b: all characters numeric; replaced as byte
(179 missing values generated)
Q30_c: all characters numeric; replaced as byte
(180 missing values generated)
Q30_d: all characters numeric; replaced as byte
(179 missing values generated)
Q30_e: all characters numeric; replaced as byte
(179 missing values generated)
Q30_f: all characters numeric; replaced as byte
(179 missing values generated)
Q30_g: all characters numeric; replaced as byte
(180 missing values generated)
Q30_h: all characters numeric; replaced as byte
(180 missing values generated)
Q31_a: all characters numeric; replaced as byte
(178 missing values generated)
Q31_b: all characters numeric; replaced as byte
(178 missing values generated)
Q31_c: all characters numeric; replaced as byte
(179 missing values generated)
Q31_d: all characters numeric; replaced as byte
(178 missing values generated)
Q32: all characters numeric; replaced as byte
(179 missing values generated)
QC33: all characters numeric; replaced as byte
(367 missing values generated)
QC34 already numeric; no replace
QC35: all characters numeric; replaced as byte
(367 missing values generated)
QC36: all characters numeric; replaced as byte
(367 missing values generated)
QC37: all characters numeric; replaced as byte
(367 missing values generated)
QC38: all characters numeric; replaced as byte
(368 missing values generated)
QC39: all characters numeric; replaced as byte
(368 missing values generated)
QC40: all characters numeric; replaced as byte
(369 missing values generated)
QC41: all characters numeric; replaced as byte
(369 missing values generated)
QC42: all characters numeric; replaced as byte
(369 missing values generated)
QC43: all characters numeric; replaced as byte
(366 missing values generated)
QC44_1_5: all characters numeric; replaced as byte
(510 missing values generated)
QC44_1_4: all characters numeric; replaced as byte
(510 missing values generated)
QC44_1_3: all characters numeric; replaced as byte
(510 missing values generated)
QC44_1_2: all characters numeric; replaced as byte
(510 missing values generated)
QC44_1_1: all characters numeric; replaced as byte
(510 missing values generated)
QC44_2_5: all characters numeric; replaced as byte
(522 missing values generated)
QC44_2_4: all characters numeric; replaced as byte
(522 missing values generated)
QC44_2_3: all characters numeric; replaced as byte
(522 missing values generated)
QC44_2_2: all characters numeric; replaced as byte
(522 missing values generated)
QC44_2_1: all characters numeric; replaced as byte
(522 missing values generated)
QC44_3_5: all characters numeric; replaced as byte
(549 missing values generated)
QC44_3_4: all characters numeric; replaced as byte
(549 missing values generated)
QC44_3_3: all characters numeric; replaced as byte
(549 missing values generated)
QC44_3_2: all characters numeric; replaced as byte
(549 missing values generated)
QC44_3_1: all characters numeric; replaced as byte
(549 missing values generated)
QC44_4_5: all characters numeric; replaced as byte
(509 missing values generated)
QC44_4_4: all characters numeric; replaced as byte
(509 missing values generated)
QC44_4_3: all characters numeric; replaced as byte
(509 missing values generated)
QC44_4_2: all characters numeric; replaced as byte
(509 missing values generated)
QC44_4_1: all characters numeric; replaced as byte
(509 missing values generated)
QC44_5_5: all characters numeric; replaced as byte
(540 missing values generated)
QC44_5_4: all characters numeric; replaced as byte
(540 missing values generated)
QC44_5_3: all characters numeric; replaced as byte
(540 missing values generated)
QC44_5_2: all characters numeric; replaced as byte
(540 missing values generated)
QC44_5_1: all characters numeric; replaced as byte
(540 missing values generated)
QC44_6_5: all characters numeric; replaced as byte
(534 missing values generated)
QC44_6_4: all characters numeric; replaced as byte
(534 missing values generated)
QC44_6_3: all characters numeric; replaced as byte
(534 missing values generated)
QC44_6_2: all characters numeric; replaced as byte
(534 missing values generated)
QC44_6_1: all characters numeric; replaced as byte
(534 missing values generated)
QC44_7_5: all characters numeric; replaced as byte
(554 missing values generated)
QC44_7_4: all characters numeric; replaced as byte
(554 missing values generated)
QC44_7_3: all characters numeric; replaced as byte
(554 missing values generated)
QC44_7_2: all characters numeric; replaced as byte
(554 missing values generated)
QC44_7_1: all characters numeric; replaced as byte
(554 missing values generated)
QC44_8_5: all characters numeric; replaced as byte
(541 missing values generated)
QC44_8_4: all characters numeric; replaced as byte
(541 missing values generated)
QC44_8_3: all characters numeric; replaced as byte
(541 missing values generated)
QC44_8_2: all characters numeric; replaced as byte
(541 missing values generated)
QC44_8_1: all characters numeric; replaced as byte
(541 missing values generated)
QC44_9_5: all characters numeric; replaced as byte
(542 missing values generated)
QC44_9_4: all characters numeric; replaced as byte
(542 missing values generated)
QC44_9_3: all characters numeric; replaced as byte
(542 missing values generated)
QC44_9_2: all characters numeric; replaced as byte
(542 missing values generated)
QC44_9_1: all characters numeric; replaced as byte
(542 missing values generated)
QC45: all characters numeric; replaced as byte
(388 missing values generated)
QC46: all characters numeric; replaced as byte
(373 missing values generated)
QC47: all characters numeric; replaced as byte
(373 missing values generated)
QC48: all characters numeric; replaced as byte
(373 missing values generated)
QT: all characters numeric; replaced as byte
(373 missing values generated)
QC33_copy: all characters numeric; replaced as byte
(374 missing values generated)
QC34_copy: all characters numeric; replaced as byte
(374 missing values generated)
QC35_copy: all characters numeric; replaced as byte
(374 missing values generated)
QC36_copy: all characters numeric; replaced as byte
(374 missing values generated)
QC37_copy: all characters numeric; replaced as byte
(375 missing values generated)
QC38_copy: all characters numeric; replaced as byte
(374 missing values generated)
QC39_copy: all characters numeric; replaced as byte
(374 missing values generated)
QC40_copy: all characters numeric; replaced as byte
(374 missing values generated)
QC41_copy: all characters numeric; replaced as byte
(375 missing values generated)
QC42_copy: all characters numeric; replaced as byte
(374 missing values generated)
QC43_copy: all characters numeric; replaced as byte
(373 missing values generated)
QC43_t_copy: contains nonnumeric characters; no replace
QC44_1_5_copy: all characters numeric; replaced as byte
(512 missing values generated)
QC44_1_4_copy: all characters numeric; replaced as byte
(512 missing values generated)
QC44_1_3_copy: all characters numeric; replaced as byte
(512 missing values generated)
QC44_1_2_copy: all characters numeric; replaced as byte
(512 missing values generated)
QC44_1_1_copy: all characters numeric; replaced as byte
(512 missing values generated)
QC44_2_5_copy: all characters numeric; replaced as byte
(515 missing values generated)
QC44_2_4_copy: all characters numeric; replaced as byte
(515 missing values generated)
QC44_2_3_copy: all characters numeric; replaced as byte
(515 missing values generated)
QC44_2_2_copy: all characters numeric; replaced as byte
(515 missing values generated)
QC44_2_1_copy: all characters numeric; replaced as byte
(515 missing values generated)
QC44_3_5_copy: all characters numeric; replaced as byte
(552 missing values generated)
QC44_3_4_copy: all characters numeric; replaced as byte
(552 missing values generated)
QC44_3_3_copy: all characters numeric; replaced as byte
(552 missing values generated)
QC44_3_2_copy: all characters numeric; replaced as byte
(552 missing values generated)
QC44_3_1_copy: all characters numeric; replaced as byte
(552 missing values generated)
QC44_4_5_copy: all characters numeric; replaced as byte
(513 missing values generated)
QC44_4_4_copy: all characters numeric; replaced as byte
(513 missing values generated)
QC44_4_3_copy: all characters numeric; replaced as byte
(513 missing values generated)
QC44_4_2_copy: all characters numeric; replaced as byte
(513 missing values generated)
QC44_4_1_copy: all characters numeric; replaced as byte
(513 missing values generated)
QC44_5_5_copy: all characters numeric; replaced as byte
(538 missing values generated)
QC44_5_4_copy: all characters numeric; replaced as byte
(538 missing values generated)
QC44_5_3_copy: all characters numeric; replaced as byte
(538 missing values generated)
QC44_5_2_copy: all characters numeric; replaced as byte
(538 missing values generated)
QC44_5_1_copy: all characters numeric; replaced as byte
(538 missing values generated)
QC44_6_5_copy: all characters numeric; replaced as byte
(536 missing values generated)
QC44_6_4_copy: all characters numeric; replaced as byte
(536 missing values generated)
QC44_6_3_copy: all characters numeric; replaced as byte
(536 missing values generated)
QC44_6_2_copy: all characters numeric; replaced as byte
(536 missing values generated)
QC44_6_1_copy: all characters numeric; replaced as byte
(536 missing values generated)
QC44_7_5_copy: all characters numeric; replaced as byte
(554 missing values generated)
QC44_7_4_copy: all characters numeric; replaced as byte
(554 missing values generated)
QC44_7_3_copy: all characters numeric; replaced as byte
(554 missing values generated)
QC44_7_2_copy: all characters numeric; replaced as byte
(554 missing values generated)
QC44_7_1_copy: all characters numeric; replaced as byte
(554 missing values generated)
QC44_8_5_copy: all characters numeric; replaced as byte
(541 missing values generated)
QC44_8_4_copy: all characters numeric; replaced as byte
(541 missing values generated)
QC44_8_3_copy: all characters numeric; replaced as byte
(541 missing values generated)
QC44_8_2_copy: all characters numeric; replaced as byte
(541 missing values generated)
QC44_8_1_copy: all characters numeric; replaced as byte
(541 missing values generated)
QC44_9_5_copy: all characters numeric; replaced as byte
(545 missing values generated)
QC44_9_4_copy: all characters numeric; replaced as byte
(545 missing values generated)
QC44_9_3_copy: all characters numeric; replaced as byte
(545 missing values generated)
QC44_9_2_copy: all characters numeric; replaced as byte
(545 missing values generated)
QC44_9_1_copy: all characters numeric; replaced as byte
(545 missing values generated)
QC45_copy: all characters numeric; replaced as byte
(383 missing values generated)
QC46_copy: all characters numeric; replaced as byte
(376 missing values generated)
QC47_copy: all characters numeric; replaced as byte
(377 missing values generated)
QC48_copy: all characters numeric; replaced as byte
(376 missing values generated)
. 
. 
. foreach var of varlist QC33  QC34  QC35  QC36  QC37  QC38  QC39  QC40  QC41  QC42  QC43 QC44_1_5  QC44_1_4  QC44_1_3  QC44_1_2  QC44_1
> _1  QC44_2_5  QC44_2_4  QC44_2_3  QC44_2_2  QC44_2_1  QC44_3_5  QC44_3_4  QC44_3_3  QC44_3_2  QC44_3_1  QC44_4_5  QC44_4_4  QC44_4_3  
> QC44_4_2  QC44_4_1  QC44_5_5  QC44_5_4  QC44_5_3  QC44_5_2  QC44_5_1  QC44_6_5  QC44_6_4  QC44_6_3  QC44_6_2  QC44_6_1  QC44_7_5  QC44
> _7_4  QC44_7_3  QC44_7_2  QC44_7_1  QC44_8_5  QC44_8_4  QC44_8_3  QC44_8_2  QC44_8_1  QC44_9_5  QC44_9_4  QC44_9_3  QC44_9_2  QC44_9_1
>   QC45  QC46  QC47  QC48 {
  2.                 
.                 
.                 replace `var'=`var'_copy if `var'==. & `var'_copy!=.
  3. }
(180 real changes made)
(180 real changes made)
(180 real changes made)
(180 real changes made)
(179 real changes made)
(180 real changes made)
(180 real changes made)
(180 real changes made)
(179 real changes made)
(180 real changes made)
(181 real changes made)
(42 real changes made)
(42 real changes made)
(42 real changes made)
(42 real changes made)
(42 real changes made)
(39 real changes made)
(39 real changes made)
(39 real changes made)
(39 real changes made)
(39 real changes made)
(2 real changes made)
(2 real changes made)
(2 real changes made)
(2 real changes made)
(2 real changes made)
(41 real changes made)
(41 real changes made)
(41 real changes made)
(41 real changes made)
(41 real changes made)
(16 real changes made)
(16 real changes made)
(16 real changes made)
(16 real changes made)
(16 real changes made)
(18 real changes made)
(18 real changes made)
(18 real changes made)
(18 real changes made)
(18 real changes made)
(0 real changes made)
(0 real changes made)
(0 real changes made)
(0 real changes made)
(0 real changes made)
(13 real changes made)
(13 real changes made)
(13 real changes made)
(13 real changes made)
(13 real changes made)
(9 real changes made)
(9 real changes made)
(9 real changes made)
(9 real changes made)
(9 real changes made)
(171 real changes made)
(178 real changes made)
(177 real changes made)
(178 real changes made)
. 
. 
. foreach var of varlist QC43_t {
  2.         
.         replace `var'=`var'_copy if `var'=="" & `var'_copy!=""
  3. }
(9 real changes made)
. 
. foreach var of varlist Finished {
  2.         destring `var', replace 
  3. }
Finished: all characters numeric; replaced as byte
. 
. foreach var of varlist QC43_t {
  2.                 
.                 
.                 replace `var'=`var'_copy if `var'=="" & `var'_copy!=""
  3. }
(0 real changes made)
. 
. 
. gen treat=0 if QT==.
(181 missing values generated)
. replace treat=1 if treat==.
(181 real changes made)
.         
. 
. rename (Q1 Q2 Q3 Q4 Q5 Q6 Q8 Q9 Q10 Q11 Q13 Q14 Q16 Q17 Q19 Q20 Q21 Q22 Q23 Q24 Q25 Q26 Q27_1 Q27_2 Q31_a Q31_b Q31_c Q31_d QC36 QC38 
> QC39 QC40 QC41 QC42 QC45) (sexo edad carrera semestre promedio foraneo beca trabajo mayores num_mayores menores num_menores educacion_
> mama educacion_papa votar_si votar_no ingreso_pobre porcentaje_pobre ingreso_rico porcentaje_rico desempleo violencia_mujeres suerte e
> sfuerzo preferencia_pobreza preferencia_desigualdad preferencia_corrupcion preferencia_educacion promocion_pobres machismo preferencia
> _genero preferencia_genero_2 responsabilidad_desigualdad preferencia_desigualdad_2 distribucion_deseada)
. 
. rename (QC33 QC34 QC35 QC37 QC43 QC46 QC47 QC48) (obesidad arte deporte drogas mayor_problema habilidad_desigualdad habilidad_mayor_pr
> oblema habilidad_violencia)
. save "$working/desigualdad_paso1", replace 
file /Users/aler/Library/CloudStorage/GoogleDrive-alexriveraorti@gmail.com/Mi unidad/Proyectos/Tesis/Tesis
    /working/desigualdad_paso1.dta saved
.  
. }

. 
. *Creacion de variables
. {
.         use "$working/desigualdad_paso1", clear
.         
.         *Crear variables todas las hice, primero las dummies 
.         
.         gen dummy_mujer=1 if sexo==1
(355 missing values generated)
.         replace dummy_mujer=0 if sexo==2
(283 real changes made)
.         
.         gen dummy_foraneo=1 if foraneo==1
(371 missing values generated)
.         replace dummy_foraneo=0 if foraneo==2
(310 real changes made)
.          
.         gen dummy_beca=1 if beca==1
(267 missing values generated)
.         replace dummy_beca=0 if beca==2
(205 real changes made)
.          
.         gen dummy_trabajo=1 if trabajo==1
(402 missing values generated)
.         replace dummy_trabajo=0 if trabajo==2
(341 real changes made)
.          
.         split carrera, parse(",") generate (licenciatura)
variables created as string: 
licenciatu~1  licenciatu~2  licenciatu~3
.         foreach var of varlist licenciatura1 licenciatura2 {
  2.          
.         destring `var', replace 
  3.         }
licenciatura1: all characters numeric; replaced as byte
(55 missing values generated)
licenciatura2: all characters numeric; replaced as byte
(429 missing values generated)
.          
.         *Variables postratamiento 
.         gen dummy_preferencia_desigualdad=1 if preferencia_desigualdad_2==3 | preferencia_desigualdad_2==4
(248 missing values generated)
.                 replace dummy_preferencia_desigualdad=0 if preferencia_desigualdad_2==1 | preferencia_desigualdad_2==2
(59 real changes made)
.                 
.         gen dummy_problema_desigualdad=1 if mayor_problema==4 | mayor_problema==8
(441 missing values generated)
.                 replace dummy_problema_desigualdad=0 if mayor_problema==1 | mayor_problema==2 | mayor_problema==3 | mayor_problema==5 
> | mayor_problema==6 | mayor_problema==7 | mayor_problema==8 | mayor_problema==9
(282 real changes made)
.         
.         gen v=QC44_1_5
(468 missing values generated)
.                 replace v=QC44_2_5 if v==.
(71 real changes made)
.                 replace v=QC44_3_5 if v==.
(7 real changes made)
.                 replace v=QC44_4_5 if v==.
(86 real changes made)
.                 replace v=QC44_5_5 if v==.
(30 real changes made)
.                 replace v=QC44_6_5 if v==.
(38 real changes made)
.                 replace v=QC44_7_5 if v==.
(0 real changes made)
.             replace v=QC44_8_5 if v==.
(26 real changes made)
.                 replace v=QC44_9_5 if v==.
(21 real changes made)
.         gen iv=QC44_1_4
(468 missing values generated)
.                 replace iv=QC44_2_4 if iv==.
(71 real changes made)
.                 replace iv=QC44_3_4 if iv==.
(7 real changes made)
.                 replace iv=QC44_4_4 if iv==.
(86 real changes made)
.                 replace iv=QC44_5_4 if iv==.
(30 real changes made)
.                 replace iv=QC44_6_4 if iv==.
(38 real changes made)
.                 replace iv=QC44_7_4 if iv==.
(0 real changes made)
.             replace iv=QC44_8_4 if iv==.
(26 real changes made)
.                 replace iv=QC44_9_4 if iv==.
(21 real changes made)
.         gen iii=QC44_1_3
(468 missing values generated)
.                 replace iii=QC44_2_3 if iii==.
(71 real changes made)
.                 replace iii=QC44_3_3 if iii==.
(7 real changes made)
.                 replace iii=QC44_4_3 if iii==.
(86 real changes made)
.                 replace iii=QC44_5_3 if iii==.
(30 real changes made)
.                 replace iii=QC44_6_3 if iii==.
(38 real changes made)
.                 replace iii=QC44_7_3 if iii==.
(0 real changes made)
.             replace iii=QC44_8_3 if iii==.
(26 real changes made)
.                 replace iii=QC44_9_3 if iii==.
(21 real changes made)
.         gen ii=QC44_1_2
(468 missing values generated)
.                 replace ii=QC44_2_2 if ii==.
(71 real changes made)
.                 replace ii=QC44_3_2 if ii==.
(7 real changes made)
.                 replace ii=QC44_4_2 if ii==.
(86 real changes made)
.                 replace ii=QC44_5_2 if ii==.
(30 real changes made)
.                 replace ii=QC44_6_2 if ii==.
(38 real changes made)
.                 replace ii=QC44_7_2 if ii==.
(0 real changes made)
.             replace ii=QC44_8_2 if ii==.
(26 real changes made)
.                 replace ii=QC44_9_2 if ii==.
(21 real changes made)
.         gen i=QC44_1_1
(468 missing values generated)
.                 replace i=QC44_2_1 if i==.
(71 real changes made)
.                 replace i=QC44_3_1 if i==.
(7 real changes made)
.                 replace i=QC44_4_1 if i==.
(86 real changes made)
.                 replace i=QC44_5_1 if i==.
(30 real changes made)
.                 replace i=QC44_6_1 if i==.
(38 real changes made)
.                 replace i=QC44_7_1 if i==.
(0 real changes made)
.             replace i=QC44_8_1 if i==.
(26 real changes made)
.                 replace i=QC44_9_1 if i==.
(21 real changes made)
.                 
.         gen clase_media=ii+iii+iv
(189 missing values generated)
.          
.         gen gini=.75 if distribucion_deseada==1
(551 missing values generated)
.                 replace gini=.65 if distribucion_deseada==2
(3 real changes made)
.                 replace gini=.53 if distribucion_deseada==3
(13 real changes made)
.                 replace gini=.38 if distribucion_deseada==4
(61 real changes made)
.                 replace gini=.20 if distribucion_deseada==5
(211 real changes made)
.                 replace gini=0 if distribucion_deseada==6
(46 real changes made)
.                 
.         gen dummy_gini=1 if distribucion_deseada==5 | distribucion_deseada==6
(297 missing values generated)
.                 replace dummy_gini=0 if distribucion_deseada==1 | distribucion_deseada==2 | distribucion_deseada==3 | distribucion_des
> eada==4
(80 real changes made)
.                 
.         gen distribucion_deseada_invertida=1 if distribucion_deseada==6
(508 missing values generated)
.                 replace distribucion_deseada_invertida=2 if distribucion_deseada==5
(211 real changes made)
.                 replace distribucion_deseada_invertida=3 if distribucion_deseada==4
(61 real changes made)
.                 replace distribucion_deseada_invertida=4 if distribucion_deseada==3
(13 real changes made)
.                 replace distribucion_deseada_invertida=5 if distribucion_deseada==2
(3 real changes made)
.                 replace distribucion_deseada_invertida=6 if distribucion_deseada==1
(3 real changes made)
.         
.         gen dummy_habilidad_desigualdad=1 if habilidad_desigualdad==3 | habilidad_desigualdad==4
(324 missing values generated)
.                 replace dummy_habilidad_desigualdad=0 if habilidad_desigualdad==1 | habilidad_desigualdad==2
(129 real changes made)
.         
.         gen dummy_habilidad_problema=1 if habilidad_mayor_problema==3 | habilidad_mayor_problema==4
(320 missing values generated)
.                 replace dummy_habilidad_problema=0 if habilidad_mayor_problema==1 | habilidad_mayor_problema==2
(124 real changes made)
.                 
.         gen dummy_habilidad_violencia=1 if habilidad_violencia==3 | habilidad_violencia==4
(299 missing values generated)
.                 replace dummy_habilidad_violencia=0 if habilidad_violencia==1 | habilidad_violencia==2
(104 real changes made)
.         
.         
.         *Variables prioridades del Estado 
.         replace obesidad=0 if obesidad==2
(92 real changes made)
.         replace arte=0 if arte==2
(26 real changes made)
.         replace deporte=0 if deporte==2
(13 real changes made)
.         replace promocion_pobres=0 if promocion_pobres==2
(62 real changes made)
.         replace drogas=0 if drogas==2
(126 real changes made)
.         replace machismo=0 if machismo==2
(13 real changes made)
.         
.         drop if Finished!=1
(167 observations deleted)
.         
.         keep treat dummy_* sexo edad carrera licenciatura* semestre promedio foraneo beca trabajo mayores num_mayores menores num_meno
> res educacion_mama educacion_papa votar_si votar_no ingreso_pobre porcentaje_pobre ingreso_rico porcentaje_rico desempleo violencia_mu
> jeres suerte esfuerzo preferencia_pobreza preferencia_desigualdad preferencia_corrupcion preferencia_educacion promocion_pobres machis
> mo preferencia_genero preferencia_genero_2 responsabilidad_desigualdad preferencia_desigualdad_2 distribucion_deseada obesidad arte de
> porte drogas mayor_problema habilidad_desigualdad habilidad_mayor_problema habilidad_violencia clase_media gini distribucion_deseada_i
> nvertida v iv iii ii i
.         
.         save "$working/desigualdad_paso2", replace 
file /Users/aler/Library/CloudStorage/GoogleDrive-alexriveraorti@gmail.com/Mi unidad/Proyectos/Tesis/Tesis
    /working/desigualdad_paso2.dta saved
.         
. }

. 
.  
.  log close
      name:  <unnamed>
       log:  /Users/aler/Library/CloudStorage/GoogleDrive-alexriveraorti@gmail.com/Mi unidad/Proyectos/Tesis/Tesis /logs/cleaning.log
  log type:  text
 closed on:  24 Nov 2022, 20:46:03
----------------------------------------------------------------------------------------------------------------------------------------
